<?xml version="1.0" encoding="UTF-8"?>
<!-- Generated by org.testng.reporters.JUnitReportReporter -->
<testsuite hostname="shalaboka" name="TEST.Testcases" tests="14" failures="0" timestamp="2 Jun 2020 23:39:47 GMT" time="26.648" errors="0">
  <testcase name="LoginPageTitle" time="0.013" classname="TEST.Testcases"/>
  <testcase name="homeTitleAssert" time="0.010" classname="TEST.Testcases"/>
  <testcase name="go_to_shopping" time="2.438" classname="TEST.Testcases"/>
  <testcase name="checkout_summary" time="1.273" classname="TEST.Testcases"/>
  <testcase name="Email_Creation" time="0.741" classname="TEST.Testcases"/>
  <testcase name="checkout_address" time="1.240" classname="TEST.Testcases"/>
  <testcase name="Logout" time="2.126" classname="TEST.Testcases"/>
  <testcase name="SIGN_IN_link" time="2.690" classname="TEST.Testcases"/>
  <testcase name="checkout_payment" time="0.926" classname="TEST.Testcases"/>
  <testcase name="checkout_CONFIRM" time="1.934" classname="TEST.Testcases"/>
  <testcase name="checkout_shipping" time="1.337" classname="TEST.Testcases"/>
  <testcase name="Shopping_assertion" time="0.044" classname="TEST.Testcases"/>
  <testcase name="create_Account" time="7.339" classname="TEST.Testcases"/>
  <testcase name="select_item" time="4.537" classname="TEST.Testcases"/>
</testsuite> <!-- TEST.Testcases -->
